==60361== Memcheck, a memory error detector
==60361== Copyright (C) 2002-2022, and GNU GPL'd, by Julian Seward et al.
==60361== Using Valgrind-3.21.0.GIT-lbmacos and LibVEX; rerun with -h for copyright info
==60361== Command: ./a.out
==60361== Parent PID: 60017
==60361== 
==60361== 
==60361== HEAP SUMMARY:
==60361==     in use at exit: 18,027 bytes in 162 blocks
==60361==   total heap usage: 234 allocs, 72 frees, 23,234 bytes allocated
==60361== 
==60361== LEAK SUMMARY:
==60361==    definitely lost: 0 bytes in 0 blocks
==60361==    indirectly lost: 0 bytes in 0 blocks
==60361==      possibly lost: 0 bytes in 0 blocks
==60361==    still reachable: 0 bytes in 0 blocks
==60361==         suppressed: 18,027 bytes in 162 blocks
==60361== 
==60361== For lists of detected and suppressed errors, rerun with: -s
==60361== ERROR SUMMARY: 0 errors from 0 contexts (suppressed: 7 from 7)
